<?xml version="1.0" encoding="UTF-8"?>
<!-- Generated by org.testng.reporters.JUnitReportReporter -->
<testsuite hostname="LAPTOP-A2TROOEB" failures="0" tests="1" name="com_hrms_testsripts2.TC002" time="5.248" errors="0" timestamp="30 Dec 2023 07:27:36 GMT">
  <testcase classname="com_hrms_testsripts2.TC002" name="tc002" time="5.248"/>
</testsuite> <!-- com_hrms_testsripts2.TC002 -->
