<?xml version="1.0" encoding="UTF-8"?>
<!-- Generated by org.testng.reporters.JUnitReportReporter -->
<testsuite hostname="LAPTOP-A2TROOEB" failures="0" tests="3" name="com_hrms_lib2.TestNG_practise" time="0.002" errors="0" timestamp="26 Dec 2023 11:14:50 GMT">
  <testcase classname="com_hrms_lib2.TestNG_practise" name="applicationopende" time="0.000"/>
  <testcase classname="com_hrms_lib2.TestNG_practise" name="applicationclosed" time="0.001"/>
  <testcase classname="com_hrms_lib2.TestNG_practise" name="addemploye" time="0.001"/>
</testsuite> <!-- com_hrms_lib2.TestNG_practise -->
