<?xml version="1.0" encoding="UTF-8"?>
<!-- Generated by org.testng.reporters.JUnitReportReporter -->
<testsuite hostname="LAPTOP-A2TROOEB" failures="0" tests="1" name="com_hrms_testsripts2.TC001" time="10.813" errors="0" timestamp="30 Dec 2023 09:00:04 GMT">
  <testcase classname="com_hrms_testsripts2.TC001" name="tc001" time="10.813"/>
</testsuite> <!-- com_hrms_testsripts2.TC001 -->
